Sat Mar 10 2018 18:34:47 GMT+0800 (SGT): GET /
Sat Mar 10 2018 18:34:48 GMT+0800 (SGT): GET /about
Sat Mar 10 2018 18:39:08 GMT+0800 (SGT): GET /about
Sat Mar 10 2018 18:43:24 GMT+0800 (SGT): GET /about
Sat Mar 10 2018 18:43:25 GMT+0800 (SGT): GET /about
Sat Mar 10 2018 18:43:36 GMT+0800 (SGT): GET /
Sat Mar 10 2018 18:44:09 GMT+0800 (SGT): GET /help
Sat Mar 10 2018 18:45:03 GMT+0800 (SGT): GET /help
Sat Mar 10 2018 18:46:13 GMT+0800 (SGT): GET /help
Sat Mar 10 2018 18:46:15 GMT+0800 (SGT): GET /help
Sat Mar 10 2018 18:46:19 GMT+0800 (SGT): GET /
Sat Mar 10 2018 18:47:49 GMT+0800 (SGT): GET /help
Sat Mar 10 2018 18:49:07 GMT+0800 (SGT): GET /help
Sat Mar 10 2018 18:49:26 GMT+0800 (SGT): GET /
Sat Mar 10 2018 18:49:44 GMT+0800 (SGT): GET /help.html
Sun Mar 11 2018 15:24:00 GMT+0800 (SGT): GET /
Sun Mar 11 2018 15:24:00 GMT+0800 (SGT): GET /favicon.ico
Sun Mar 11 2018 15:24:01 GMT+0800 (SGT): GET /about
Sun Mar 11 2018 15:24:02 GMT+0800 (SGT): GET /about
Sun Mar 11 2018 15:24:03 GMT+0800 (SGT): GET /about
Sun Mar 11 2018 15:24:04 GMT+0800 (SGT): GET /
Sun Mar 11 2018 15:24:05 GMT+0800 (SGT): GET /about
Sun Mar 11 2018 15:24:06 GMT+0800 (SGT): GET /about
Sun Mar 11 2018 15:24:21 GMT+0800 (SGT): GET /about
Sun Mar 11 2018 15:24:22 GMT+0800 (SGT): GET /about
Sun Mar 11 2018 15:24:22 GMT+0800 (SGT): GET /about
Sun Mar 11 2018 15:24:37 GMT+0800 (SGT): GET /about
Sun Mar 11 2018 15:24:38 GMT+0800 (SGT): GET /projects
Sun Mar 11 2018 15:24:40 GMT+0800 (SGT): GET /projects
Sun Mar 11 2018 15:24:40 GMT+0800 (SGT): GET /about
Sun Mar 11 2018 15:24:41 GMT+0800 (SGT): GET /projects
Sun Mar 11 2018 15:26:02 GMT+0800 (SGT): GET /projects
Sun Mar 11 2018 15:26:03 GMT+0800 (SGT): GET /
Sun Mar 11 2018 15:26:04 GMT+0800 (SGT): GET /
Sun Mar 11 2018 15:26:04 GMT+0800 (SGT): GET /about
Sun Mar 11 2018 15:26:05 GMT+0800 (SGT): GET /projects
Sun Mar 11 2018 15:26:06 GMT+0800 (SGT): GET /
Sun Mar 11 2018 15:26:26 GMT+0800 (SGT): GET /projects
Sun Mar 11 2018 15:26:27 GMT+0800 (SGT): GET /projects
Sun Mar 11 2018 15:26:28 GMT+0800 (SGT): GET /about
Sun Mar 11 2018 15:26:34 GMT+0800 (SGT): GET /about
Sun Mar 11 2018 15:26:34 GMT+0800 (SGT): GET /favicon.ico
Sun Mar 11 2018 15:26:36 GMT+0800 (SGT): GET /projects
Sun Mar 11 2018 15:26:37 GMT+0800 (SGT): GET /projects
Sun Mar 11 2018 15:26:38 GMT+0800 (SGT): GET /about
Sun Mar 11 2018 15:26:39 GMT+0800 (SGT): GET /
Sun Mar 11 2018 15:26:39 GMT+0800 (SGT): GET /about
Sun Mar 11 2018 15:26:40 GMT+0800 (SGT): GET /projects
Sun Mar 11 2018 15:28:38 GMT+0800 (SGT): GET /projects
Sun Mar 11 2018 15:28:39 GMT+0800 (SGT): GET /favicon.ico
Sun Mar 11 2018 15:28:41 GMT+0800 (SGT): GET /
Sun Mar 11 2018 15:28:42 GMT+0800 (SGT): GET /about
Sun Mar 11 2018 15:28:43 GMT+0800 (SGT): GET /projects
Sun Mar 11 2018 15:28:44 GMT+0800 (SGT): GET /about
Sun Mar 11 2018 15:28:44 GMT+0800 (SGT): GET /
Sun Mar 11 2018 15:28:45 GMT+0800 (SGT): GET /about
Sun Mar 11 2018 15:28:46 GMT+0800 (SGT): GET /projects
